<?xml version="1.0" encoding="UTF-8"?>
<!-- Generated by org.testng.reporters.JUnitReportReporter -->
<testsuite hostname="LAPTOP-E06RK7S2" failures="0" tests="1" name="pageFactoryWithoutAnnotations.LoginWithoutFindBy" time="47.860" errors="0" timestamp="2021-10-07T16:18:31 EDT" skipped="0">
  <testcase classname="pageFactoryWithoutAnnotations.LoginWithoutFindBy" name="Login" time="47.860"/>
  <system-out/>
</testsuite> <!-- pageFactoryWithoutAnnotations.LoginWithoutFindBy -->
